# JRE version: OpenJDK Runtime Environment (8.0_202-b03) (build 1.8.0_202-release-1483-b03)
# Java VM: OpenJDK 64-Bit Server VM (25.202-b03 mixed mode windows-amd64 compressed oops)
Heap:
 PSYoungGen      total 197120K, used 14053K [0x00000000e0000000, 0x00000000edc80000, 0x0000000100000000)
  eden space 180224K, 7% used [0x00000000e0000000,0x00000000e0db95b8,0x00000000eb000000)
  from space 16896K, 0% used [0x00000000ec400000,0x00000000ec400000,0x00000000ed480000)
  to   space 20480K, 0% used [0x00000000eb000000,0x00000000eb000000,0x00000000ec400000)
 ParOldGen       total 66560K, used 35865K [0x00000000a0000000, 0x00000000a4100000, 0x00000000e0000000)
  object space 66560K, 53% used [0x00000000a0000000,0x00000000a23065d0,0x00000000a4100000)
 Metaspace       used 58036K, capacity 59764K, committed 59800K, reserved 1103872K
  class space    used 7901K, capacity 8340K, committed 8360K, reserved 1048576K
GC Heap History (10 events):
Event: 4.750 GC heap before
{Heap before GC invocations=9 (full 1):
 PSYoungGen      total 132608K, used 37905K [0x00000000e0000000, 0x00000000ea800000, 0x0000000100000000)
  eden space 120832K, 22% used [0x00000000e0000000,0x00000000e1a818e0,0x00000000e7600000)
  from space 11776K, 91% used [0x00000000e7600000,0x00000000e8082c30,0x00000000e8180000)
  to   space 12800K, 0% used [0x00000000e9b80000,0x00000000e9b80000,0x00000000ea800000)
 ParOldGen       total 66560K, used 11169K [0x00000000a0000000, 0x00000000a4100000, 0x00000000e0000000)
  object space 66560K, 16% used [0x00000000a0000000,0x00000000a0ae8680,0x00000000a4100000)
 Metaspace       used 34680K, capacity 35442K, committed 35496K, reserved 1079296K
  class space    used 4782K, capacity 4998K, committed 5032K, reserved 1048576K
Event: 4.763 GC heap after
Heap after GC invocations=9 (full 1):
 PSYoungGen      total 158720K, used 9814K [0x00000000e0000000, 0x00000000ed780000, 0x0000000100000000)
  eden space 145920K, 0% used [0x00000000e0000000,0x00000000e0000000,0x00000000e8e80000)
  from space 12800K, 76% used [0x00000000e9b80000,0x00000000ea515880,0x00000000ea800000)
  to   space 13312K, 0% used [0x00000000e8e80000,0x00000000e8e80000,0x00000000e9b80000)
 ParOldGen       total 66560K, used 11177K [0x00000000a0000000, 0x00000000a4100000, 0x00000000e0000000)
  object space 66560K, 16% used [0x00000000a0000000,0x00000000a0aea680,0x00000000a4100000)
 Metaspace       used 34680K, capacity 35442K, committed 35496K, reserved 1079296K
  class space    used 4782K, capacity 4998K, committed 5032K, reserved 1048576K
}
Event: 4.763 GC heap before
{Heap before GC invocations=10 (full 2):
 PSYoungGen      total 158720K, used 9814K [0x00000000e0000000, 0x00000000ed780000, 0x0000000100000000)
  eden space 145920K, 0% used [0x00000000e0000000,0x00000000e0000000,0x00000000e8e80000)
  from space 12800K, 76% used [0x00000000e9b80000,0x00000000ea515880,0x00000000ea800000)
  to   space 13312K, 0% used [0x00000000e8e80000,0x00000000e8e80000,0x00000000e9b80000)
 ParOldGen       total 66560K, used 11177K [0x00000000a0000000, 0x00000000a4100000, 0x00000000e0000000)
  object space 66560K, 16% used [0x00000000a0000000,0x00000000a0aea680,0x00000000a4100000)
 Metaspace       used 34680K, capacity 35442K, committed 35496K, reserved 1079296K
  class space    used 4782K, capacity 4998K, committed 5032K, reserved 1048576K
Event: 4.832 GC heap after
Heap after GC invocations=10 (full 2):
 PSYoungGen      total 158720K, used 0K [0x00000000e0000000, 0x00000000ed780000, 0x0000000100000000)
  eden space 145920K, 0% used [0x00000000e0000000,0x00000000e0000000,0x00000000e8e80000)
  from space 12800K, 0% used [0x00000000e9b80000,0x00000000e9b80000,0x00000000ea800000)
  to   space 13312K, 0% used [0x00000000e8e80000,0x00000000e8e80000,0x00000000e9b80000)
 ParOldGen       total 66560K, used 17126K [0x00000000a0000000, 0x00000000a4100000, 0x00000000e0000000)
  object space 66560K, 25% used [0x00000000a0000000,0x00000000a10b9950,0x00000000a4100000)
 Metaspace       used 34673K, capacity 35418K, committed 35496K, reserved 1079296K
  class space    used 4780K, capacity 4994K, committed 5032K, reserved 1048576K
}
Event: 6.396 GC heap before
{Heap before GC invocations=11 (full 2):
 PSYoungGen      total 158720K, used 145920K [0x00000000e0000000, 0x00000000ed780000, 0x0000000100000000)
  eden space 145920K, 100% used [0x00000000e0000000,0x00000000e8e80000,0x00000000e8e80000)
  from space 12800K, 0% used [0x00000000e9b80000,0x00000000e9b80000,0x00000000ea800000)
  to   space 13312K, 0% used [0x00000000e8e80000,0x00000000e8e80000,0x00000000e9b80000)
 ParOldGen       total 66560K, used 17126K [0x00000000a0000000, 0x00000000a4100000, 0x00000000e0000000)
  object space 66560K, 25% used [0x00000000a0000000,0x00000000a10b9950,0x00000000a4100000)
 Metaspace       used 48868K, capacity 50200K, committed 50472K, reserved 1093632K
  class space    used 6610K, capacity 6925K, committed 6952K, reserved 1048576K
Event: 6.414 GC heap after
Heap after GC invocations=11 (full 2):
 PSYoungGen      total 159232K, used 13281K [0x00000000e0000000, 0x00000000ed480000, 0x0000000100000000)
  eden space 145920K, 0% used [0x00000000e0000000,0x00000000e0000000,0x00000000e8e80000)
  from space 13312K, 99% used [0x00000000e8e80000,0x00000000e9b78680,0x00000000e9b80000)
  to   space 16896K, 0% used [0x00000000ec400000,0x00000000ec400000,0x00000000ed480000)
 ParOldGen       total 66560K, used 22411K [0x00000000a0000000, 0x00000000a4100000, 0x00000000e0000000)
  object space 66560K, 33% used [0x00000000a0000000,0x00000000a15e2c68,0x00000000a4100000)
 Metaspace       used 48868K, capacity 50200K, committed 50472K, reserved 1093632K
  class space    used 6610K, capacity 6925K, committed 6952K, reserved 1048576K
}
Event: 7.453 GC heap before
{Heap before GC invocations=12 (full 2):
 PSYoungGen      total 159232K, used 123372K [0x00000000e0000000, 0x00000000ed480000, 0x0000000100000000)
  eden space 145920K, 75% used [0x00000000e0000000,0x00000000e6b82ae0,0x00000000e8e80000)
  from space 13312K, 99% used [0x00000000e8e80000,0x00000000e9b78680,0x00000000e9b80000)
  to   space 16896K, 0% used [0x00000000ec400000,0x00000000ec400000,0x00000000ed480000)
 ParOldGen       total 66560K, used 22411K [0x00000000a0000000, 0x00000000a4100000, 0x00000000e0000000)
  object space 66560K, 33% used [0x00000000a0000000,0x00000000a15e2c68,0x00000000a4100000)
 Metaspace       used 57418K, capacity 59079K, committed 59160K, reserved 1099776K
  class space    used 7798K, capacity 8232K, committed 8232K, reserved 1048576K
Event: 7.474 GC heap after
Heap after GC invocations=12 (full 2):
 PSYoungGen      total 197120K, used 16888K [0x00000000e0000000, 0x00000000edc80000, 0x0000000100000000)
  eden space 180224K, 0% used [0x00000000e0000000,0x00000000e0000000,0x00000000eb000000)
  from space 16896K, 99% used [0x00000000ec400000,0x00000000ed47e240,0x00000000ed480000)
  to   space 20480K, 0% used [0x00000000eb000000,0x00000000eb000000,0x00000000ec400000)
 ParOldGen       total 66560K, used 25867K [0x00000000a0000000, 0x00000000a4100000, 0x00000000e0000000)
  object space 66560K, 38% used [0x00000000a0000000,0x00000000a1942ec8,0x00000000a4100000)
 Metaspace       used 57418K, capacity 59079K, committed 59160K, reserved 1099776K
  class space    used 7798K, capacity 8232K, committed 8232K, reserved 1048576K
}
Event: 7.474 GC heap before
{Heap before GC invocations=13 (full 3):
 PSYoungGen      total 197120K, used 16888K [0x00000000e0000000, 0x00000000edc80000, 0x0000000100000000)
  eden space 180224K, 0% used [0x00000000e0000000,0x00000000e0000000,0x00000000eb000000)
  from space 16896K, 99% used [0x00000000ec400000,0x00000000ed47e240,0x00000000ed480000)
  to   space 20480K, 0% used [0x00000000eb000000,0x00000000eb000000,0x00000000ec400000)
 ParOldGen       total 66560K, used 25867K [0x00000000a0000000, 0x00000000a4100000, 0x00000000e0000000)
  object space 66560K, 38% used [0x00000000a0000000,0x00000000a1942ec8,0x00000000a4100000)
 Metaspace       used 57418K, capacity 59079K, committed 59160K, reserved 1099776K
  class space    used 7798K, capacity 8232K, committed 8232K, reserved 1048576K
Event: 7.637 GC heap after
Heap after GC invocations=13 (full 3):
 PSYoungGen      total 197120K, used 0K [0x00000000e0000000, 0x00000000edc80000, 0x0000000100000000)
  eden space 180224K, 0% used [0x00000000e0000000,0x00000000e0000000,0x00000000eb000000)
  from space 16896K, 0% used [0x00000000ec400000,0x00000000ec400000,0x00000000ed480000)
  to   space 20480K, 0% used [0x00000000eb000000,0x00000000eb000000,0x00000000ec400000)
 ParOldGen       total 66560K, used 35865K [0x00000000a0000000, 0x00000000a4100000, 0x00000000e0000000)
  object space 66560K, 53% used [0x00000000a0000000,0x00000000a23065d0,0x00000000a4100000)
 Metaspace       used 57418K, capacity 59079K, committed 59160K, reserved 1099776K
  class space    used 7798K, capacity 8232K, committed 8232K, reserved 1048576K
}

